<?xml version="1.0" encoding="UTF-8"?>
<testng-results ignored="0" total="1" passed="1" failed="0" skipped="0">
  <reporter-output>
  </reporter-output>
  <suite started-at="2024-08-26T22:49:28 IST" name="Suite" finished-at="2024-08-26T22:49:53 IST" duration-ms="24505">
    <groups>
    </groups>
    <test started-at="2024-08-26T22:49:28 IST" name="Test" finished-at="2024-08-26T22:49:53 IST" duration-ms="24505">
      <class name="tests.ProductSearchTest">
        <test-method is-config="true" signature="setup()[pri:0, instance:tests.ProductSearchTest@1e097d59]" started-at="2024-08-26T22:49:28 IST" name="setup" finished-at="2024-08-26T22:49:31 IST" duration-ms="3425" status="PASS">
          <reporter-output>
          </reporter-output>
        </test-method> <!-- setup -->
        <test-method signature="searchAndFilterProducts()[pri:0, instance:tests.ProductSearchTest@1e097d59]" started-at="2024-08-26T22:49:31 IST" name="searchAndFilterProducts" finished-at="2024-08-26T22:49:52 IST" duration-ms="20732" status="PASS">
          <reporter-output>
          </reporter-output>
        </test-method> <!-- searchAndFilterProducts -->
        <test-method is-config="true" signature="tearDown()[pri:0, instance:tests.ProductSearchTest@1e097d59]" started-at="2024-08-26T22:49:52 IST" name="tearDown" finished-at="2024-08-26T22:49:53 IST" duration-ms="332" status="PASS">
          <reporter-output>
          </reporter-output>
        </test-method> <!-- tearDown -->
      </class> <!-- tests.ProductSearchTest -->
    </test> <!-- Test -->
  </suite> <!-- Suite -->
</testng-results>
